<?xml version="1.0" encoding="UTF-8"?>
<!-- Generated by org.testng.reporters.JUnitReportReporter -->
<testsuite hostname="DESKTOP-0M4DI9K" name="com.testCases.TC_AddCustomerTest_003" tests="1" failures="0" timestamp="3 Sep 2020 22:06:04 GMT" time="27.470" errors="0">
  <testcase name="addNewCustomer" time="27.470" classname="com.testCases.TC_AddCustomerTest_003"/>
</testsuite> <!-- com.testCases.TC_AddCustomerTest_003 -->
