<?xml version="1.0" encoding="UTF-8"?>
<!-- Generated by org.testng.reporters.JUnitReportReporter -->
<testsuite hostname="DESKTOP-0M4DI9K" name="com.testCases.TC_LoginTest_001" tests="1" failures="0" timestamp="3 Sep 2020 23:09:14 GMT" time="7.613" errors="0">
  <testcase name="loginTest" time="7.613" classname="com.testCases.TC_LoginTest_001"/>
</testsuite> <!-- com.testCases.TC_LoginTest_001 -->
