<?xml version="1.0" encoding="UTF-8"?>
<!-- Generated by org.testng.reporters.JUnitReportReporter -->
<testsuite hostname="DESKTOP-0M4DI9K" failures="0" tests="1" name="com.testCases.TC_LoginTest_001" time="7.553" errors="0" timestamp="04 Sep 2020 05:06:54 GMT" skipped="0">
  <testcase classname="com.testCases.TC_LoginTest_001" name="loginTest" time="7.553"/>
</testsuite> <!-- com.testCases.TC_LoginTest_001 -->
